Arguments: 
  C:\Program Files\nodejs\node.exe C:\Users\camil\AppData\Roaming\npm\node_modules\yarn\bin\yarn.js publish

PATH: 
  C:\Program Files\Common Files\Oracle\Java\javapath;C:\Program Files\NVIDIA GPU Computing Toolkit\CUDA\v11.1\bin;C:\Program Files\NVIDIA GPU Computing Toolkit\CUDA\v11.1\libnvvp;C:\Program Files (x86)\Common Files\Oracle\Java\javapath;C:\Windows\system32;C:\Windows;C:\Windows\System32\Wbem;C:\Windows\System32\WindowsPowerShell\v1.0\;C:\Windows\System32\OpenSSH\;C:\Program Files\NVIDIA Corporation\NVIDIA NvDLISR;C:\Program Files (x86)\NVIDIA Corporation\PhysX\Common;C:\Program Files\NVIDIA Corporation\Nsight Compute 2020.2.1\;C:\Program Files\PuTTY\;C:\Program Files\Docker\Docker\resources\bin;C:\ProgramData\DockerDesktop\version-bin;C:\Program Files\Git\cmd;C:\Program Files\nodejs\;C:\Program Files\Geth;C:\Users\camil\.cargo\bin;C:\Users\camil\Desktop\Code\Nueva carpeta\bin;C:\Users\camil\AppData\Local\Microsoft\WindowsApps;C:\Users\camil\AppData\Local\atom\bin;C:\Program Files (x86)\Microsoft Visual Studio\2019\Community\VC\Tools\MSVC\14.28.29333\bin\Hostx64\x64;C:\Users\camil\AppData\Local\Programs\Microsoft VS Code\bin;C:\Users\camil\AppData\Local\GitHubDesktop\bin;C:\Program Files\JetBrains\IntelliJ IDEA Community Edition 2020.2.3\bin;;C:\Users\camil\AppData\Roaming\npm;C:\Program Files\Geth;C:\MinGW\bin;C:\Users\camil\.cargo\bin;C:\ffmpeg\bin;C:\Flutter\bin;

Yarn version: 
  1.22.10

Node version: 
  14.15.1

Platform: 
  win32 x64

Trace: 
  Error: canceled
      at Interface.<anonymous> (C:\Users\camil\AppData\Roaming\npm\node_modules\yarn\lib\cli.js:136216:13)
      at Interface.emit (events.js:315:20)
      at Interface._ttyWrite (readline.js:875:16)
      at ReadStream.onkeypress (readline.js:213:10)
      at ReadStream.emit (events.js:315:20)
      at emitKeys (internal/readline/utils.js:345:14)
      at emitKeys.next (<anonymous>)
      at ReadStream.onData (readline.js:1144:36)
      at ReadStream.emit (events.js:315:20)
      at addChunk (_stream_readable.js:309:12)

npm manifest: 
  {
    "name": "@mysticaldragon/logger",
    "version": "1.0.0",
    "main": "build/index.js",
    "license": "MIT",
    "types": "build/index.d.ts",
    "dependencies": {
      "@types/node": "15.9.0",
      "typescript": "^4.3.5"
    },
  
    "scripts": {
      "build": "tsc"
    }
  }

yarn manifest: 
  No manifest

Lockfile: 
  # THIS IS AN AUTOGENERATED FILE. DO NOT EDIT THIS FILE DIRECTLY.
  # yarn lockfile v1
  
  
  "@types/node@15.9.0":
    version "15.9.0"
    resolved "https://registry.yarnpkg.com/@types/node/-/node-15.9.0.tgz#0b7f6c33ca5618fe329a9d832b478b4964d325a8"
    integrity sha512-AR1Vq1Ei1GaA5FjKL5PBqblTZsL5M+monvGSZwe6sSIdGiuu7Xr/pNwWJY+0ZQuN8AapD/XMB5IzBAyYRFbocA==
  
  typescript@^4.3.5:
    version "4.3.5"
    resolved "https://registry.yarnpkg.com/typescript/-/typescript-4.3.5.tgz#4d1c37cc16e893973c45a06886b7113234f119f4"
    integrity sha512-DqQgihaQ9cUrskJo9kIyW/+g0Vxsk8cDtZ52a3NGh0YNTfpUSArXSohyUGnvbPazEPLu398C0UxmKSOrPumUzA==
